Log Time :: [2024-08-01 08:55:18] 
 Customer Email : pazhaniyappan@lntecc.com 
 triggered Page action : Delivery Schedule
 ----------------------------------------------------------------------- 
Log Time :: [2024-08-01 08:55:42] 
 Customer Email : pazhaniyappan@lntecc.com 
 triggered Page action : Show Invoice
 ----------------------------------------------------------------------- 
Log Time :: [2024-08-01 08:55:48] 
 Customer Email : pazhaniyappan@lntecc.com 
 triggered Page action : Purchase Order
 ----------------------------------------------------------------------- 
Log Time :: [2024-08-01 08:55:52] 
 Customer Email : pazhaniyappan@lntecc.com 
 triggered Page action : Analytics - Delivery Trends
 ----------------------------------------------------------------------- 
Log Time :: [2024-08-01 08:56:05] 
 Customer Email : pazhaniyappan@lntecc.com 
 triggered Page action : Delivery Schedule
 ----------------------------------------------------------------------- 
Log Time :: [2024-08-01 09:06:49] 
 Customer Email : pazhaniyappan@lntecc.com 
 triggered Page action : Delivery Schedule
 ----------------------------------------------------------------------- 
Log Time :: [2024-08-01 09:08:14] 
 Customer Email : ramasamy@saravanaenergy.com 
 triggered Page action : Delivery Schedule
 ----------------------------------------------------------------------- 
Log Time :: [2024-08-01 09:32:23] 
 Customer Email : j.zarniko@heinzmann.de 
 triggered Page action : Delivery Schedule
 ----------------------------------------------------------------------- 
